


ARM Macro Assembler    Page 1 


    1 00000000         ;******************** (C) COPYRIGHT 2011 STMicroelectron
                       ics ********************
    2 00000000         ;* File Name          : startup_stm32f10x_md.s
    3 00000000         ;* Author             : MCD Application Team
    4 00000000         ;* Version            : V3.5.0
    5 00000000         ;* Date               : 11-March-2011
    6 00000000         ;* Description        : STM32F10x Medium Density Devices
                        vector table for MDK-ARM 
    7 00000000         ;*                      toolchain.  
    8 00000000         ;*                      This module performs:
    9 00000000         ;*                      - Set the initial SP
   10 00000000         ;*                      - Set the initial PC == Reset_Ha
                       ndler
   11 00000000         ;*                      - Set the vector table entries w
                       ith the exceptions ISR address
   12 00000000         ;*                      - Configure the clock system
   13 00000000         ;*                      - Branches to __main in the C li
                       brary (which eventually
   14 00000000         ;*                        calls main()).
   15 00000000         ;*                      After Reset the CortexM3 process
                       or is in Thread mode,
   16 00000000         ;*                      priority is Privileged, and the 
                       Stack is set to Main.
   17 00000000         ;* <<< Use Configuration Wizard in Context Menu >>>   
   18 00000000         ;*******************************************************
                       ************************
   19 00000000         ; THE PRESENT FIRMWARE WHICH IS FOR GUIDANCE ONLY AIMS A
                       T PROVIDING CUSTOMERS
   20 00000000         ; WITH CODING INFORMATION REGARDING THEIR PRODUCTS IN OR
                       DER FOR THEM TO SAVE TIME.
   21 00000000         ; AS A RESULT, STMICROELECTRONICS SHALL NOT BE HELD LIAB
                       LE FOR ANY DIRECT,
   22 00000000         ; INDIRECT OR CONSEQUENTIAL DAMAGES WITH RESPECT TO ANY 
                       CLAIMS ARISING FROM THE
   23 00000000         ; CONTENT OF SUCH FIRMWARE AND/OR THE USE MADE BY CUSTOM
                       ERS OF THE CODING
   24 00000000         ; INFORMATION CONTAINED HEREIN IN CONNECTION WITH THEIR 
                       PRODUCTS.
   25 00000000         ;*******************************************************
                       ************************
   26 00000000         
   27 00000000         ; Amount of memory (in bytes) allocated for Stack
   28 00000000         ; Tailor this value to your application needs
   29 00000000         ; <h> Stack Configuration
   30 00000000         ;   <o> Stack Size (in Bytes) <0x0-0xFFFFFFFF:8>
   31 00000000         ; </h>
   32 00000000         
   33 00000000 00000400 
                       Stack_Size
                               EQU              0x00000400
   34 00000000         
   35 00000000                 AREA             STACK, NOINIT, READWRITE, ALIGN
=3
   36 00000000         Stack_Mem
                               SPACE            Stack_Size
   37 00000400         __initial_sp
   38 00000400         
   39 00000400         
   40 00000400         ; <h> Heap Configuration



ARM Macro Assembler    Page 2 


   41 00000400         ;   <o>  Heap Size (in Bytes) <0x0-0xFFFFFFFF:8>
   42 00000400         ; </h>
   43 00000400         
   44 00000400 00000200 
                       Heap_Size
                               EQU              0x00000200
   45 00000400         
   46 00000400                 AREA             HEAP, NOINIT, READWRITE, ALIGN=
3
   47 00000000         __heap_base
   48 00000000         Heap_Mem
                               SPACE            Heap_Size
   49 00000200         __heap_limit
   50 00000200                 IMPORT           xPortPendSVHandler
   51 00000200                 IMPORT           xPortSysTickHandler
   52 00000200                 IMPORT           vPortSVCHandler
   53 00000200         ;IMPORT vUARTInterruptHandler
   54 00000200         ;IMPORT vTimer2IntHandler
   55 00000200         
   56 00000200                 PRESERVE8
   57 00000200                 THUMB
   58 00000200         
   59 00000200         
   60 00000200         ; Vector Table Mapped to Address 0 at Reset
   61 00000200                 AREA             RESET, DATA, READONLY
   62 00000000                 EXPORT           __Vectors
   63 00000000                 EXPORT           __Vectors_End
   64 00000000                 EXPORT           __Vectors_Size
   65 00000000         
   66 00000000 00000000 
                       __Vectors
                               DCD              __initial_sp ; Top of Stack
   67 00000004 00000000        DCD              Reset_Handler ; Reset Handler
   68 00000008 00000000        DCD              NMI_Handler ; NMI Handler
   69 0000000C 00000000        DCD              HardFault_Handler ; Hard Fault 
                                                            Handler
   70 00000010 00000000        DCD              MemManage_Handler 
                                                            ; MPU Fault Handler
                                                            
   71 00000014 00000000        DCD              BusFault_Handler 
                                                            ; Bus Fault Handler
                                                            
   72 00000018 00000000        DCD              UsageFault_Handler ; Usage Faul
                                                            t Handler
   73 0000001C 00000000        DCD              0           ; Reserved
   74 00000020 00000000        DCD              0           ; Reserved
   75 00000024 00000000        DCD              0           ; Reserved
   76 00000028 00000000        DCD              0           ; Reserved
   77 0000002C 00000000        DCD              vPortSVCHandler 
                                                            ; SVCall Handler
   78 00000030 00000000        DCD              DebugMon_Handler ; Debug Monito
                                                            r Handler
   79 00000034 00000000        DCD              0           ; Reserved
   80 00000038 00000000        DCD              xPortPendSVHandler 
                                                            ; PendSV Handler
   81 0000003C 00000000        DCD              xPortSysTickHandler 
                                                            ; SysTick Handler
   82 00000040         
   83 00000040         ; External Interrupts



ARM Macro Assembler    Page 3 


   84 00000040 00000000        DCD              WWDG_IRQHandler 
                                                            ; Window Watchdog
   85 00000044 00000000        DCD              PVD_IRQHandler ; PVD through EX
                                                            TI Line detect
   86 00000048 00000000        DCD              TAMPER_IRQHandler ; Tamper
   87 0000004C 00000000        DCD              RTC_IRQHandler ; RTC
   88 00000050 00000000        DCD              FLASH_IRQHandler ; Flash
   89 00000054 00000000        DCD              RCC_IRQHandler ; RCC
   90 00000058 00000000        DCD              EXTI0_IRQHandler ; EXTI Line 0
   91 0000005C 00000000        DCD              EXTI1_IRQHandler ; EXTI Line 1
   92 00000060 00000000        DCD              EXTI2_IRQHandler ; EXTI Line 2
   93 00000064 00000000        DCD              EXTI3_IRQHandler ; EXTI Line 3
   94 00000068 00000000        DCD              EXTI4_IRQHandler ; EXTI Line 4
   95 0000006C 00000000        DCD              DMA1_Channel1_IRQHandler 
                                                            ; DMA1 Channel 1
   96 00000070 00000000        DCD              DMA1_Channel2_IRQHandler 
                                                            ; DMA1 Channel 2
   97 00000074 00000000        DCD              DMA1_Channel3_IRQHandler 
                                                            ; DMA1 Channel 3
   98 00000078 00000000        DCD              DMA1_Channel4_IRQHandler 
                                                            ; DMA1 Channel 4
   99 0000007C 00000000        DCD              DMA1_Channel5_IRQHandler 
                                                            ; DMA1 Channel 5
  100 00000080 00000000        DCD              DMA1_Channel6_IRQHandler 
                                                            ; DMA1 Channel 6
  101 00000084 00000000        DCD              DMA1_Channel7_IRQHandler 
                                                            ; DMA1 Channel 7
  102 00000088 00000000        DCD              ADC1_2_IRQHandler ; ADC1_2
  103 0000008C 00000000        DCD              USB_HP_CAN1_TX_IRQHandler ; USB
                                                             High Priority or C
                                                            AN1 TX
  104 00000090 00000000        DCD              USB_LP_CAN1_RX0_IRQHandler ; US
                                                            B Low  Priority or 
                                                            CAN1 RX0
  105 00000094 00000000        DCD              CAN1_RX1_IRQHandler ; CAN1 RX1
  106 00000098 00000000        DCD              CAN1_SCE_IRQHandler ; CAN1 SCE
  107 0000009C 00000000        DCD              EXTI9_5_IRQHandler 
                                                            ; EXTI Line 9..5
  108 000000A0 00000000        DCD              TIM1_BRK_IRQHandler 
                                                            ; TIM1 Break
  109 000000A4 00000000        DCD              TIM1_UP_IRQHandler 
                                                            ; TIM1 Update
  110 000000A8 00000000        DCD              TIM1_TRG_COM_IRQHandler ; TIM1 
                                                            Trigger and Commuta
                                                            tion
  111 000000AC 00000000        DCD              TIM1_CC_IRQHandler ; TIM1 Captu
                                                            re Compare
  112 000000B0 00000000        DCD              TIM2_IRQHandler ; TIM2
  113 000000B4 00000000        DCD              TIM3_IRQHandler ; TIM3
  114 000000B8 00000000        DCD              TIM4_IRQHandler ; TIM4
  115 000000BC 00000000        DCD              I2C1_EV_IRQHandler ; I2C1 Event
                                                            
  116 000000C0 00000000        DCD              I2C1_ER_IRQHandler ; I2C1 Error
                                                            
  117 000000C4 00000000        DCD              I2C2_EV_IRQHandler ; I2C2 Event
                                                            
  118 000000C8 00000000        DCD              I2C2_ER_IRQHandler ; I2C2 Error
                                                            
  119 000000CC 00000000        DCD              SPI1_IRQHandler ; SPI1



ARM Macro Assembler    Page 4 


  120 000000D0 00000000        DCD              SPI2_IRQHandler ; SPI2
  121 000000D4 00000000        DCD              USART1_IRQHandler ; USART1
  122 000000D8 00000000        DCD              USART2_IRQHandler ; USART2
  123 000000DC 00000000        DCD              USART3_IRQHandler ; USART3
  124 000000E0 00000000        DCD              EXTI15_10_IRQHandler 
                                                            ; EXTI Line 15..10
  125 000000E4 00000000        DCD              RTCAlarm_IRQHandler ; RTC Alarm
                                                             through EXTI Line
  126 000000E8 00000000        DCD              USBWakeUp_IRQHandler ; USB Wake
                                                            up from suspend
  127 000000EC         __Vectors_End
  128 000000EC         
  129 000000EC 000000EC 
                       __Vectors_Size
                               EQU              __Vectors_End - __Vectors
  130 000000EC         
  131 000000EC                 AREA             |.text|, CODE, READONLY
  132 00000000         
  133 00000000         ; Reset handler
  134 00000000         Reset_Handler
                               PROC
  135 00000000                 EXPORT           Reset_Handler             [WEAK
]
  136 00000000                 IMPORT           __main
  137 00000000         ;IMPORT  SystemInit
  138 00000000         ;LDR     R0, =SystemInit
  139 00000000         ;BLX     R0
  140 00000000 4808            LDR              R0, =__main
  141 00000002 4700            BX               R0
  142 00000004                 ENDP
  143 00000004         
  144 00000004         ; Dummy Exception Handlers (infinite loops which can be 
                       modified)
  145 00000004         
  146 00000004         NMI_Handler
                               PROC
  147 00000004                 EXPORT           NMI_Handler                [WEA
K]
  148 00000004 E7FE            B                .
  149 00000006                 ENDP
  151 00000006         HardFault_Handler
                               PROC
  152 00000006                 EXPORT           HardFault_Handler          [WEA
K]
  153 00000006 E7FE            B                .
  154 00000008                 ENDP
  156 00000008         MemManage_Handler
                               PROC
  157 00000008                 EXPORT           MemManage_Handler          [WEA
K]
  158 00000008 E7FE            B                .
  159 0000000A                 ENDP
  161 0000000A         BusFault_Handler
                               PROC
  162 0000000A                 EXPORT           BusFault_Handler           [WEA
K]
  163 0000000A E7FE            B                .
  164 0000000C                 ENDP
  166 0000000C         UsageFault_Handler



ARM Macro Assembler    Page 5 


                               PROC
  167 0000000C                 EXPORT           UsageFault_Handler         [WEA
K]
  168 0000000C E7FE            B                .
  169 0000000E                 ENDP
  170 0000000E         SVC_Handler
                               PROC
  171 0000000E                 EXPORT           SVC_Handler                [WEA
K]
  172 0000000E E7FE            B                .
  173 00000010                 ENDP
  175 00000010         DebugMon_Handler
                               PROC
  176 00000010                 EXPORT           DebugMon_Handler           [WEA
K]
  177 00000010 E7FE            B                .
  178 00000012                 ENDP
  179 00000012         PendSV_Handler
                               PROC
  180 00000012                 EXPORT           PendSV_Handler             [WEA
K]
  181 00000012 E7FE            B                .
  182 00000014                 ENDP
  183 00000014         SysTick_Handler
                               PROC
  184 00000014                 EXPORT           SysTick_Handler            [WEA
K]
  185 00000014 E7FE            B                .
  186 00000016                 ENDP
  187 00000016         
  188 00000016         Default_Handler
                               PROC
  189 00000016         
  190 00000016                 EXPORT           WWDG_IRQHandler            [WEA
K]
  191 00000016                 EXPORT           PVD_IRQHandler             [WEA
K]
  192 00000016                 EXPORT           TAMPER_IRQHandler          [WEA
K]
  193 00000016                 EXPORT           RTC_IRQHandler             [WEA
K]
  194 00000016                 EXPORT           FLASH_IRQHandler           [WEA
K]
  195 00000016                 EXPORT           RCC_IRQHandler             [WEA
K]
  196 00000016                 EXPORT           EXTI0_IRQHandler           [WEA
K]
  197 00000016                 EXPORT           EXTI1_IRQHandler           [WEA
K]
  198 00000016                 EXPORT           EXTI2_IRQHandler           [WEA
K]
  199 00000016                 EXPORT           EXTI3_IRQHandler           [WEA
K]
  200 00000016                 EXPORT           EXTI4_IRQHandler           [WEA
K]
  201 00000016                 EXPORT           DMA1_Channel1_IRQHandler   [WEA
K]
  202 00000016                 EXPORT           DMA1_Channel2_IRQHandler   [WEA
K]



ARM Macro Assembler    Page 6 


  203 00000016                 EXPORT           DMA1_Channel3_IRQHandler   [WEA
K]
  204 00000016                 EXPORT           DMA1_Channel4_IRQHandler   [WEA
K]
  205 00000016                 EXPORT           DMA1_Channel5_IRQHandler   [WEA
K]
  206 00000016                 EXPORT           DMA1_Channel6_IRQHandler   [WEA
K]
  207 00000016                 EXPORT           DMA1_Channel7_IRQHandler   [WEA
K]
  208 00000016                 EXPORT           ADC1_2_IRQHandler          [WEA
K]
  209 00000016                 EXPORT           USB_HP_CAN1_TX_IRQHandler  [WEA
K]
  210 00000016                 EXPORT           USB_LP_CAN1_RX0_IRQHandler [WEA
K]
  211 00000016                 EXPORT           CAN1_RX1_IRQHandler        [WEA
K]
  212 00000016                 EXPORT           CAN1_SCE_IRQHandler        [WEA
K]
  213 00000016                 EXPORT           EXTI9_5_IRQHandler         [WEA
K]
  214 00000016                 EXPORT           TIM1_BRK_IRQHandler        [WEA
K]
  215 00000016                 EXPORT           TIM1_UP_IRQHandler         [WEA
K]
  216 00000016                 EXPORT           TIM1_TRG_COM_IRQHandler    [WEA
K]
  217 00000016                 EXPORT           TIM1_CC_IRQHandler         [WEA
K]
  218 00000016                 EXPORT           TIM2_IRQHandler            [WEA
K]
  219 00000016                 EXPORT           TIM3_IRQHandler            [WEA
K]
  220 00000016                 EXPORT           TIM4_IRQHandler            [WEA
K]
  221 00000016                 EXPORT           I2C1_EV_IRQHandler         [WEA
K]
  222 00000016                 EXPORT           I2C1_ER_IRQHandler         [WEA
K]
  223 00000016                 EXPORT           I2C2_EV_IRQHandler         [WEA
K]
  224 00000016                 EXPORT           I2C2_ER_IRQHandler         [WEA
K]
  225 00000016                 EXPORT           SPI1_IRQHandler            [WEA
K]
  226 00000016                 EXPORT           SPI2_IRQHandler            [WEA
K]
  227 00000016                 EXPORT           USART1_IRQHandler          [WEA
K]
  228 00000016                 EXPORT           USART2_IRQHandler          [WEA
K]
  229 00000016                 EXPORT           USART3_IRQHandler          [WEA
K]
  230 00000016                 EXPORT           EXTI15_10_IRQHandler       [WEA
K]
  231 00000016                 EXPORT           RTCAlarm_IRQHandler        [WEA
K]
  232 00000016                 EXPORT           USBWakeUp_IRQHandler       [WEA



ARM Macro Assembler    Page 7 


K]
  233 00000016         
  234 00000016         WWDG_IRQHandler
  235 00000016         PVD_IRQHandler
  236 00000016         TAMPER_IRQHandler
  237 00000016         RTC_IRQHandler
  238 00000016         FLASH_IRQHandler
  239 00000016         RCC_IRQHandler
  240 00000016         EXTI0_IRQHandler
  241 00000016         EXTI1_IRQHandler
  242 00000016         EXTI2_IRQHandler
  243 00000016         EXTI3_IRQHandler
  244 00000016         EXTI4_IRQHandler
  245 00000016         DMA1_Channel1_IRQHandler
  246 00000016         DMA1_Channel2_IRQHandler
  247 00000016         DMA1_Channel3_IRQHandler
  248 00000016         DMA1_Channel4_IRQHandler
  249 00000016         DMA1_Channel5_IRQHandler
  250 00000016         DMA1_Channel6_IRQHandler
  251 00000016         DMA1_Channel7_IRQHandler
  252 00000016         ADC1_2_IRQHandler
  253 00000016         USB_HP_CAN1_TX_IRQHandler
  254 00000016         USB_LP_CAN1_RX0_IRQHandler
  255 00000016         CAN1_RX1_IRQHandler
  256 00000016         CAN1_SCE_IRQHandler
  257 00000016         EXTI9_5_IRQHandler
  258 00000016         TIM1_BRK_IRQHandler
  259 00000016         TIM1_UP_IRQHandler
  260 00000016         TIM1_TRG_COM_IRQHandler
  261 00000016         TIM1_CC_IRQHandler
  262 00000016         TIM2_IRQHandler
  263 00000016         TIM3_IRQHandler
  264 00000016         TIM4_IRQHandler
  265 00000016         I2C1_EV_IRQHandler
  266 00000016         I2C1_ER_IRQHandler
  267 00000016         I2C2_EV_IRQHandler
  268 00000016         I2C2_ER_IRQHandler
  269 00000016         SPI1_IRQHandler
  270 00000016         SPI2_IRQHandler
  271 00000016         USART1_IRQHandler
  272 00000016         USART2_IRQHandler
  273 00000016         USART3_IRQHandler
  274 00000016         EXTI15_10_IRQHandler
  275 00000016         RTCAlarm_IRQHandler
  276 00000016         USBWakeUp_IRQHandler
  277 00000016         
  278 00000016 E7FE            B                .
  279 00000018         
  280 00000018                 ENDP
  281 00000018         
  282 00000018                 ALIGN
  283 00000018         
  284 00000018         ;*******************************************************
                       ************************
  285 00000018         ; User Stack and Heap initialization
  286 00000018         ;*******************************************************
                       ************************
  287 00000018                 IF               :DEF:__MICROLIB
  294 00000018         



ARM Macro Assembler    Page 8 


  295 00000018                 IMPORT           __use_two_region_memory
  296 00000018                 EXPORT           __user_initial_stackheap
  297 00000018         
  298 00000018         __user_initial_stackheap
  299 00000018         
  300 00000018 4803            LDR              R0, =  Heap_Mem
  301 0000001A 4904            LDR              R1, = (Stack_Mem + Stack_Size)
  302 0000001C 4A04            LDR              R2, = (Heap_Mem +  Heap_Size)
  303 0000001E 4B05            LDR              R3, = Stack_Mem
  304 00000020 4770            BX               LR
  305 00000022         
  306 00000022 00 00           ALIGN
  307 00000024         
  308 00000024                 ENDIF
  309 00000024         
  310 00000024                 END
              00000000 
              00000000 
              00000400 
              00000200 
              00000000 
Command Line: --debug --xref --diag_suppress=9931 --cpu=Cortex-M3 --apcs=interw
ork --depend=.\objects\stm32f10x.d -o.\objects\stm32f10x.o -ID:\crazypony\rtos\
RTE -ID:\Keil_v5\ARM\PACK\Keil\STM32F1xx_DFP\2.1.0\Device\Include -ID:\Keil_v5\
ARM\CMSIS\Include --predefine="__UVISION_VERSION SETA 517" --predefine="STM32F1
0X_MD SETA 1" --list=.\listings\stm32f10x.lst User\stm32f10x.s



ARM Macro Assembler    Page 1 Alphabetic symbol ordering
Relocatable symbols

STACK 00000000

Symbol: STACK
   Definitions
      At line 35 in file User\stm32f10x.s
   Uses
      None
Comment: STACK unused
Stack_Mem 00000000

Symbol: Stack_Mem
   Definitions
      At line 36 in file User\stm32f10x.s
   Uses
      At line 301 in file User\stm32f10x.s
      At line 303 in file User\stm32f10x.s

__initial_sp 00000400

Symbol: __initial_sp
   Definitions
      At line 37 in file User\stm32f10x.s
   Uses
      At line 66 in file User\stm32f10x.s
Comment: __initial_sp used once
3 symbols



ARM Macro Assembler    Page 1 Alphabetic symbol ordering
Relocatable symbols

HEAP 00000000

Symbol: HEAP
   Definitions
      At line 46 in file User\stm32f10x.s
   Uses
      None
Comment: HEAP unused
Heap_Mem 00000000

Symbol: Heap_Mem
   Definitions
      At line 48 in file User\stm32f10x.s
   Uses
      At line 300 in file User\stm32f10x.s
      At line 302 in file User\stm32f10x.s

__heap_base 00000000

Symbol: __heap_base
   Definitions
      At line 47 in file User\stm32f10x.s
   Uses
      None
Comment: __heap_base unused
__heap_limit 00000200

Symbol: __heap_limit
   Definitions
      At line 49 in file User\stm32f10x.s
   Uses
      None
Comment: __heap_limit unused
4 symbols



ARM Macro Assembler    Page 1 Alphabetic symbol ordering
Relocatable symbols

RESET 00000000

Symbol: RESET
   Definitions
      At line 61 in file User\stm32f10x.s
   Uses
      None
Comment: RESET unused
__Vectors 00000000

Symbol: __Vectors
   Definitions
      At line 66 in file User\stm32f10x.s
   Uses
      At line 62 in file User\stm32f10x.s
      At line 129 in file User\stm32f10x.s

__Vectors_End 000000EC

Symbol: __Vectors_End
   Definitions
      At line 127 in file User\stm32f10x.s
   Uses
      At line 63 in file User\stm32f10x.s
      At line 129 in file User\stm32f10x.s

3 symbols



ARM Macro Assembler    Page 1 Alphabetic symbol ordering
Relocatable symbols

.text 00000000

Symbol: .text
   Definitions
      At line 131 in file User\stm32f10x.s
   Uses
      None
Comment: .text unused
ADC1_2_IRQHandler 00000016

Symbol: ADC1_2_IRQHandler
   Definitions
      At line 252 in file User\stm32f10x.s
   Uses
      At line 102 in file User\stm32f10x.s
      At line 208 in file User\stm32f10x.s

BusFault_Handler 0000000A

Symbol: BusFault_Handler
   Definitions
      At line 161 in file User\stm32f10x.s
   Uses
      At line 71 in file User\stm32f10x.s
      At line 162 in file User\stm32f10x.s

CAN1_RX1_IRQHandler 00000016

Symbol: CAN1_RX1_IRQHandler
   Definitions
      At line 255 in file User\stm32f10x.s
   Uses
      At line 105 in file User\stm32f10x.s
      At line 211 in file User\stm32f10x.s

CAN1_SCE_IRQHandler 00000016

Symbol: CAN1_SCE_IRQHandler
   Definitions
      At line 256 in file User\stm32f10x.s
   Uses
      At line 106 in file User\stm32f10x.s
      At line 212 in file User\stm32f10x.s

DMA1_Channel1_IRQHandler 00000016

Symbol: DMA1_Channel1_IRQHandler
   Definitions
      At line 245 in file User\stm32f10x.s
   Uses
      At line 95 in file User\stm32f10x.s
      At line 201 in file User\stm32f10x.s

DMA1_Channel2_IRQHandler 00000016

Symbol: DMA1_Channel2_IRQHandler
   Definitions
      At line 246 in file User\stm32f10x.s
   Uses



ARM Macro Assembler    Page 2 Alphabetic symbol ordering
Relocatable symbols

      At line 96 in file User\stm32f10x.s
      At line 202 in file User\stm32f10x.s

DMA1_Channel3_IRQHandler 00000016

Symbol: DMA1_Channel3_IRQHandler
   Definitions
      At line 247 in file User\stm32f10x.s
   Uses
      At line 97 in file User\stm32f10x.s
      At line 203 in file User\stm32f10x.s

DMA1_Channel4_IRQHandler 00000016

Symbol: DMA1_Channel4_IRQHandler
   Definitions
      At line 248 in file User\stm32f10x.s
   Uses
      At line 98 in file User\stm32f10x.s
      At line 204 in file User\stm32f10x.s

DMA1_Channel5_IRQHandler 00000016

Symbol: DMA1_Channel5_IRQHandler
   Definitions
      At line 249 in file User\stm32f10x.s
   Uses
      At line 99 in file User\stm32f10x.s
      At line 205 in file User\stm32f10x.s

DMA1_Channel6_IRQHandler 00000016

Symbol: DMA1_Channel6_IRQHandler
   Definitions
      At line 250 in file User\stm32f10x.s
   Uses
      At line 100 in file User\stm32f10x.s
      At line 206 in file User\stm32f10x.s

DMA1_Channel7_IRQHandler 00000016

Symbol: DMA1_Channel7_IRQHandler
   Definitions
      At line 251 in file User\stm32f10x.s
   Uses
      At line 101 in file User\stm32f10x.s
      At line 207 in file User\stm32f10x.s

DebugMon_Handler 00000010

Symbol: DebugMon_Handler
   Definitions
      At line 175 in file User\stm32f10x.s
   Uses
      At line 78 in file User\stm32f10x.s
      At line 176 in file User\stm32f10x.s

Default_Handler 00000016




ARM Macro Assembler    Page 3 Alphabetic symbol ordering
Relocatable symbols

Symbol: Default_Handler
   Definitions
      At line 188 in file User\stm32f10x.s
   Uses
      None
Comment: Default_Handler unused
EXTI0_IRQHandler 00000016

Symbol: EXTI0_IRQHandler
   Definitions
      At line 240 in file User\stm32f10x.s
   Uses
      At line 90 in file User\stm32f10x.s
      At line 196 in file User\stm32f10x.s

EXTI15_10_IRQHandler 00000016

Symbol: EXTI15_10_IRQHandler
   Definitions
      At line 274 in file User\stm32f10x.s
   Uses
      At line 124 in file User\stm32f10x.s
      At line 230 in file User\stm32f10x.s

EXTI1_IRQHandler 00000016

Symbol: EXTI1_IRQHandler
   Definitions
      At line 241 in file User\stm32f10x.s
   Uses
      At line 91 in file User\stm32f10x.s
      At line 197 in file User\stm32f10x.s

EXTI2_IRQHandler 00000016

Symbol: EXTI2_IRQHandler
   Definitions
      At line 242 in file User\stm32f10x.s
   Uses
      At line 92 in file User\stm32f10x.s
      At line 198 in file User\stm32f10x.s

EXTI3_IRQHandler 00000016

Symbol: EXTI3_IRQHandler
   Definitions
      At line 243 in file User\stm32f10x.s
   Uses
      At line 93 in file User\stm32f10x.s
      At line 199 in file User\stm32f10x.s

EXTI4_IRQHandler 00000016

Symbol: EXTI4_IRQHandler
   Definitions
      At line 244 in file User\stm32f10x.s
   Uses
      At line 94 in file User\stm32f10x.s
      At line 200 in file User\stm32f10x.s



ARM Macro Assembler    Page 4 Alphabetic symbol ordering
Relocatable symbols


EXTI9_5_IRQHandler 00000016

Symbol: EXTI9_5_IRQHandler
   Definitions
      At line 257 in file User\stm32f10x.s
   Uses
      At line 107 in file User\stm32f10x.s
      At line 213 in file User\stm32f10x.s

FLASH_IRQHandler 00000016

Symbol: FLASH_IRQHandler
   Definitions
      At line 238 in file User\stm32f10x.s
   Uses
      At line 88 in file User\stm32f10x.s
      At line 194 in file User\stm32f10x.s

HardFault_Handler 00000006

Symbol: HardFault_Handler
   Definitions
      At line 151 in file User\stm32f10x.s
   Uses
      At line 69 in file User\stm32f10x.s
      At line 152 in file User\stm32f10x.s

I2C1_ER_IRQHandler 00000016

Symbol: I2C1_ER_IRQHandler
   Definitions
      At line 266 in file User\stm32f10x.s
   Uses
      At line 116 in file User\stm32f10x.s
      At line 222 in file User\stm32f10x.s

I2C1_EV_IRQHandler 00000016

Symbol: I2C1_EV_IRQHandler
   Definitions
      At line 265 in file User\stm32f10x.s
   Uses
      At line 115 in file User\stm32f10x.s
      At line 221 in file User\stm32f10x.s

I2C2_ER_IRQHandler 00000016

Symbol: I2C2_ER_IRQHandler
   Definitions
      At line 268 in file User\stm32f10x.s
   Uses
      At line 118 in file User\stm32f10x.s
      At line 224 in file User\stm32f10x.s

I2C2_EV_IRQHandler 00000016

Symbol: I2C2_EV_IRQHandler
   Definitions



ARM Macro Assembler    Page 5 Alphabetic symbol ordering
Relocatable symbols

      At line 267 in file User\stm32f10x.s
   Uses
      At line 117 in file User\stm32f10x.s
      At line 223 in file User\stm32f10x.s

MemManage_Handler 00000008

Symbol: MemManage_Handler
   Definitions
      At line 156 in file User\stm32f10x.s
   Uses
      At line 70 in file User\stm32f10x.s
      At line 157 in file User\stm32f10x.s

NMI_Handler 00000004

Symbol: NMI_Handler
   Definitions
      At line 146 in file User\stm32f10x.s
   Uses
      At line 68 in file User\stm32f10x.s
      At line 147 in file User\stm32f10x.s

PVD_IRQHandler 00000016

Symbol: PVD_IRQHandler
   Definitions
      At line 235 in file User\stm32f10x.s
   Uses
      At line 85 in file User\stm32f10x.s
      At line 191 in file User\stm32f10x.s

PendSV_Handler 00000012

Symbol: PendSV_Handler
   Definitions
      At line 179 in file User\stm32f10x.s
   Uses
      At line 180 in file User\stm32f10x.s
Comment: PendSV_Handler used once
RCC_IRQHandler 00000016

Symbol: RCC_IRQHandler
   Definitions
      At line 239 in file User\stm32f10x.s
   Uses
      At line 89 in file User\stm32f10x.s
      At line 195 in file User\stm32f10x.s

RTCAlarm_IRQHandler 00000016

Symbol: RTCAlarm_IRQHandler
   Definitions
      At line 275 in file User\stm32f10x.s
   Uses
      At line 125 in file User\stm32f10x.s
      At line 231 in file User\stm32f10x.s

RTC_IRQHandler 00000016



ARM Macro Assembler    Page 6 Alphabetic symbol ordering
Relocatable symbols


Symbol: RTC_IRQHandler
   Definitions
      At line 237 in file User\stm32f10x.s
   Uses
      At line 87 in file User\stm32f10x.s
      At line 193 in file User\stm32f10x.s

Reset_Handler 00000000

Symbol: Reset_Handler
   Definitions
      At line 134 in file User\stm32f10x.s
   Uses
      At line 67 in file User\stm32f10x.s
      At line 135 in file User\stm32f10x.s

SPI1_IRQHandler 00000016

Symbol: SPI1_IRQHandler
   Definitions
      At line 269 in file User\stm32f10x.s
   Uses
      At line 119 in file User\stm32f10x.s
      At line 225 in file User\stm32f10x.s

SPI2_IRQHandler 00000016

Symbol: SPI2_IRQHandler
   Definitions
      At line 270 in file User\stm32f10x.s
   Uses
      At line 120 in file User\stm32f10x.s
      At line 226 in file User\stm32f10x.s

SVC_Handler 0000000E

Symbol: SVC_Handler
   Definitions
      At line 170 in file User\stm32f10x.s
   Uses
      At line 171 in file User\stm32f10x.s
Comment: SVC_Handler used once
SysTick_Handler 00000014

Symbol: SysTick_Handler
   Definitions
      At line 183 in file User\stm32f10x.s
   Uses
      At line 184 in file User\stm32f10x.s
Comment: SysTick_Handler used once
TAMPER_IRQHandler 00000016

Symbol: TAMPER_IRQHandler
   Definitions
      At line 236 in file User\stm32f10x.s
   Uses
      At line 86 in file User\stm32f10x.s
      At line 192 in file User\stm32f10x.s



ARM Macro Assembler    Page 7 Alphabetic symbol ordering
Relocatable symbols


TIM1_BRK_IRQHandler 00000016

Symbol: TIM1_BRK_IRQHandler
   Definitions
      At line 258 in file User\stm32f10x.s
   Uses
      At line 108 in file User\stm32f10x.s
      At line 214 in file User\stm32f10x.s

TIM1_CC_IRQHandler 00000016

Symbol: TIM1_CC_IRQHandler
   Definitions
      At line 261 in file User\stm32f10x.s
   Uses
      At line 111 in file User\stm32f10x.s
      At line 217 in file User\stm32f10x.s

TIM1_TRG_COM_IRQHandler 00000016

Symbol: TIM1_TRG_COM_IRQHandler
   Definitions
      At line 260 in file User\stm32f10x.s
   Uses
      At line 110 in file User\stm32f10x.s
      At line 216 in file User\stm32f10x.s

TIM1_UP_IRQHandler 00000016

Symbol: TIM1_UP_IRQHandler
   Definitions
      At line 259 in file User\stm32f10x.s
   Uses
      At line 109 in file User\stm32f10x.s
      At line 215 in file User\stm32f10x.s

TIM2_IRQHandler 00000016

Symbol: TIM2_IRQHandler
   Definitions
      At line 262 in file User\stm32f10x.s
   Uses
      At line 112 in file User\stm32f10x.s
      At line 218 in file User\stm32f10x.s

TIM3_IRQHandler 00000016

Symbol: TIM3_IRQHandler
   Definitions
      At line 263 in file User\stm32f10x.s
   Uses
      At line 113 in file User\stm32f10x.s
      At line 219 in file User\stm32f10x.s

TIM4_IRQHandler 00000016

Symbol: TIM4_IRQHandler
   Definitions



ARM Macro Assembler    Page 8 Alphabetic symbol ordering
Relocatable symbols

      At line 264 in file User\stm32f10x.s
   Uses
      At line 114 in file User\stm32f10x.s
      At line 220 in file User\stm32f10x.s

USART1_IRQHandler 00000016

Symbol: USART1_IRQHandler
   Definitions
      At line 271 in file User\stm32f10x.s
   Uses
      At line 121 in file User\stm32f10x.s
      At line 227 in file User\stm32f10x.s

USART2_IRQHandler 00000016

Symbol: USART2_IRQHandler
   Definitions
      At line 272 in file User\stm32f10x.s
   Uses
      At line 122 in file User\stm32f10x.s
      At line 228 in file User\stm32f10x.s

USART3_IRQHandler 00000016

Symbol: USART3_IRQHandler
   Definitions
      At line 273 in file User\stm32f10x.s
   Uses
      At line 123 in file User\stm32f10x.s
      At line 229 in file User\stm32f10x.s

USBWakeUp_IRQHandler 00000016

Symbol: USBWakeUp_IRQHandler
   Definitions
      At line 276 in file User\stm32f10x.s
   Uses
      At line 126 in file User\stm32f10x.s
      At line 232 in file User\stm32f10x.s

USB_HP_CAN1_TX_IRQHandler 00000016

Symbol: USB_HP_CAN1_TX_IRQHandler
   Definitions
      At line 253 in file User\stm32f10x.s
   Uses
      At line 103 in file User\stm32f10x.s
      At line 209 in file User\stm32f10x.s

USB_LP_CAN1_RX0_IRQHandler 00000016

Symbol: USB_LP_CAN1_RX0_IRQHandler
   Definitions
      At line 254 in file User\stm32f10x.s
   Uses
      At line 104 in file User\stm32f10x.s
      At line 210 in file User\stm32f10x.s




ARM Macro Assembler    Page 9 Alphabetic symbol ordering
Relocatable symbols

UsageFault_Handler 0000000C

Symbol: UsageFault_Handler
   Definitions
      At line 166 in file User\stm32f10x.s
   Uses
      At line 72 in file User\stm32f10x.s
      At line 167 in file User\stm32f10x.s

WWDG_IRQHandler 00000016

Symbol: WWDG_IRQHandler
   Definitions
      At line 234 in file User\stm32f10x.s
   Uses
      At line 84 in file User\stm32f10x.s
      At line 190 in file User\stm32f10x.s

__user_initial_stackheap 00000018

Symbol: __user_initial_stackheap
   Definitions
      At line 298 in file User\stm32f10x.s
   Uses
      At line 296 in file User\stm32f10x.s
Comment: __user_initial_stackheap used once
56 symbols



ARM Macro Assembler    Page 1 Alphabetic symbol ordering
Absolute symbols

Heap_Size 00000200

Symbol: Heap_Size
   Definitions
      At line 44 in file User\stm32f10x.s
   Uses
      At line 48 in file User\stm32f10x.s
      At line 302 in file User\stm32f10x.s

Stack_Size 00000400

Symbol: Stack_Size
   Definitions
      At line 33 in file User\stm32f10x.s
   Uses
      At line 36 in file User\stm32f10x.s
      At line 301 in file User\stm32f10x.s

__Vectors_Size 000000EC

Symbol: __Vectors_Size
   Definitions
      At line 129 in file User\stm32f10x.s
   Uses
      At line 64 in file User\stm32f10x.s
Comment: __Vectors_Size used once
3 symbols



ARM Macro Assembler    Page 1 Alphabetic symbol ordering
External symbols

__main 00000000

Symbol: __main
   Definitions
      At line 136 in file User\stm32f10x.s
   Uses
      At line 140 in file User\stm32f10x.s
Comment: __main used once
__use_two_region_memory 00000000

Symbol: __use_two_region_memory
   Definitions
      At line 295 in file User\stm32f10x.s
   Uses
      None
Comment: __use_two_region_memory unused
vPortSVCHandler 00000000

Symbol: vPortSVCHandler
   Definitions
      At line 52 in file User\stm32f10x.s
   Uses
      At line 77 in file User\stm32f10x.s
Comment: vPortSVCHandler used once
xPortPendSVHandler 00000000

Symbol: xPortPendSVHandler
   Definitions
      At line 50 in file User\stm32f10x.s
   Uses
      At line 80 in file User\stm32f10x.s
Comment: xPortPendSVHandler used once
xPortSysTickHandler 00000000

Symbol: xPortSysTickHandler
   Definitions
      At line 51 in file User\stm32f10x.s
   Uses
      At line 81 in file User\stm32f10x.s
Comment: xPortSysTickHandler used once
5 symbols
410 symbols in table
